<?xml version="1.0" encoding="UTF-8"?>
<testsuite name="com.javaguides.springboot.SpringbootSecondAppApplicationTest" tests="1" skipped="0" failures="0" errors="0" timestamp="2024-02-09T10:29:04" hostname="Sunnyderka-2.local" time="0.011">
  <properties/>
  <testcase name="main()" classname="com.javaguides.springboot.SpringbootSecondAppApplicationTest" time="0.011"/>
  <system-out><![CDATA[]]></system-out>
  <system-err><![CDATA[]]></system-err>
</testsuite>
