<?xml version="1.0" encoding="UTF-8"?>
<testsuite name="com.javaguides.springboot.service.EmpServiceTest" tests="1" skipped="0" failures="0" errors="0" timestamp="2024-02-09T10:29:04" hostname="Sunnyderka-2.local" time="0.0">
  <properties/>
  <testcase name="create()" classname="com.javaguides.springboot.service.EmpServiceTest" time="0.0"/>
  <system-out><![CDATA[]]></system-out>
  <system-err><![CDATA[]]></system-err>
</testsuite>
